GROUP,PACKAGE,CLASS,INSTRUCTION_MISSED,INSTRUCTION_COVERED,BRANCH_MISSED,BRANCH_COVERED,LINE_MISSED,LINE_COVERED,COMPLEXITY_MISSED,COMPLEXITY_COVERED,METHOD_MISSED,METHOD_COVERED
Pivot4J,com.eyeq.pivot4j.mdx,Parser,125,55,12,0,20,19,13,8,7,8
Pivot4J,com.eyeq.pivot4j.mdx,MemberProperty,50,0,0,0,12,0,5,0,5,0
Pivot4J,com.eyeq.pivot4j.mdx,FunCall.new Object() {...},9,59,0,0,0,1,0,1,0,1
Pivot4J,com.eyeq.pivot4j.mdx,Parameter,35,0,0,0,14,0,8,0,8,0
Pivot4J,com.eyeq.pivot4j.mdx,CompoundId,74,75,4,4,15,16,7,6,5,4
Pivot4J,com.eyeq.pivot4j.mdx,Formula,203,0,14,0,44,0,18,0,11,0
Pivot4J,com.eyeq.pivot4j.mdx,ParsedQuery,655,200,81,19,145,51,58,15,14,9
Pivot4J,com.eyeq.pivot4j.mdx,SetExp,41,0,0,0,12,0,7,0,7,0
Pivot4J,com.eyeq.pivot4j.mdx,Lexer,4,4,0,0,2,2,1,1,1,1
Pivot4J,com.eyeq.pivot4j.mdx,Literal,156,0,14,0,41,0,20,0,13,0
Pivot4J,com.eyeq.pivot4j.mdx,FunCall,264,179,22,20,59,44,20,15,6,5
Pivot4J,com.eyeq.pivot4j.mdx,Yylex,466,597,103,57,128,153,109,48,8,16
Pivot4J,com.eyeq.pivot4j.mdx,QueryAxis,70,55,7,3,18,17,12,5,7,5
Pivot4J,com.eyeq.pivot4j.mdx,ParseTreeNodeExp,81,54,13,5,23,16,15,5,6,5
Pivot4J,com.eyeq.pivot4j.mdx,Syntax,5,146,0,0,0,16,1,4,1,4
Pivot4J,com.eyeq.pivot4j.mdx,CompoundId.NamePart,0,12,0,0,0,4,0,1,0,1
Pivot4J,com.eyeq.pivot4j.mdx,CUP.Parser.actions,3843,1439,88,35,570,243,82,35,0,2
Pivot4J,com.eyeq.pivot4j.datasource,SimpleOlapDataSource,7,19,0,0,3,7,2,4,2,4
Pivot4J,com.eyeq.pivot4j.datasource,AbstractOlapDataSource,30,8,0,0,10,2,8,2,8,2
Pivot4J,com.eyeq.pivot4j,NotInitializedException,3,4,0,0,2,2,1,1,1,1
Pivot4J,com.eyeq.pivot4j,ModelChangeEvent,4,4,0,0,1,2,1,1,1,1
Pivot4J,com.eyeq.pivot4j,PivotException,12,4,0,0,6,2,3,1,3,1
Pivot4J,com.eyeq.pivot4j,SortMode,9,69,0,0,0,7,2,2,2,2
Pivot4J,com.eyeq.pivot4j.transform.impl,DrillExpandPositionImpl,5,60,1,1,2,16,1,6,0,6
Pivot4J,com.eyeq.pivot4j.transform.impl,TransformFactoryImpl,2,39,1,7,1,9,1,5,0,2
Pivot4J,com.eyeq.pivot4j.transform.impl,DrillExpandMemberImpl,0,24,0,0,0,8,0,5,0,5
Pivot4J,com.eyeq.pivot4j.transform.impl,DrillReplaceImpl,0,24,0,0,0,8,0,5,0,5
Pivot4J,com.eyeq.pivot4j.transform.impl,ChangeSlicerImpl,38,250,10,22,15,69,9,11,0,4
Pivot4J,com.eyeq.pivot4j.impl,PivotModelImpl.new QueryChangeListener() {...},0,10,0,0,0,4,0,2,0,2
Pivot4J,com.eyeq.pivot4j.impl,PivotModelImpl,723,393,100,28,183,112,84,27,24,23
Pivot4J,com.eyeq.pivot4j.transform,AbstractTransform,9,11,1,1,3,5,2,2,1,2
Pivot4J,com.eyeq.pivot4j.query,QueryAdapter.new QuaxChangeListener() {...},0,14,0,0,0,4,0,2,0,2
Pivot4J,com.eyeq.pivot4j.query,Quax.new TreeNodeCallback() {...},4,55,2,4,2,12,2,3,0,2
Pivot4J,com.eyeq.pivot4j.query,QuaxUtil,1428,413,278,54,321,99,179,32,22,23
Pivot4J,com.eyeq.pivot4j.query,Quax.new TreeNodeCallback() {...},2,47,2,6,1,11,2,4,0,2
Pivot4J,com.eyeq.pivot4j.query,Quax.new TreeNodeCallback() {...},73,0,10,0,18,0,7,0,2,0
Pivot4J,com.eyeq.pivot4j.query,Quax.new TreeNodeCallback() {...},11,42,2,2,3,8,2,2,0,2
Pivot4J,com.eyeq.pivot4j.query,Quax.new TreeNodeCallback() {...},26,0,2,0,7,0,3,0,2,0
Pivot4J,com.eyeq.pivot4j.query,CalcSetMode,9,39,0,0,0,2,2,2,2,2
Pivot4J,com.eyeq.pivot4j.query,Quax.new TreeNodeCallback() {...},41,0,2,0,8,0,3,0,2,0
Pivot4J,com.eyeq.pivot4j.query,Quax.new TreeNodeCallback() {...},4,83,2,12,2,21,2,7,0,2
Pivot4J,com.eyeq.pivot4j.query,Quax.new TreeNodeCallback() {...},19,0,2,0,5,0,3,0,2,0
Pivot4J,com.eyeq.pivot4j.query,UnknownExpressionException,26,0,0,0,8,0,4,0,4,0
Pivot4J,com.eyeq.pivot4j.query,Quax.new TreeNodeCallback() {...},6,56,1,5,1,12,1,4,0,2
Pivot4J,com.eyeq.pivot4j.query,Quax.new TreeNodeCallback() {...},6,53,2,6,1,11,2,4,0,2
Pivot4J,com.eyeq.pivot4j.query,Quax,2532,1530,327,127,550,341,220,85,28,50
Pivot4J,com.eyeq.pivot4j.query,QueryAdapter.new Object() {...},47,0,0,0,1,0,1,0,1,0
Pivot4J,com.eyeq.pivot4j.query,Quax.new TreeNodeCallback() {...},0,42,2,4,0,9,2,3,0,2
Pivot4J,com.eyeq.pivot4j.query,QueryAdapter,730,854,102,92,164,204,88,54,14,30
Pivot4J,com.eyeq.pivot4j.query,Quax.new TreeNodeCallback() {...},18,113,6,16,5,29,5,8,0,2
Pivot4J,com.eyeq.pivot4j.query,Quax.new TreeNodeCallback() {...},14,46,4,4,2,10,3,3,0,2
Pivot4J,com.eyeq.pivot4j.query,Quax.new TreeNodeCallback() {...},0,29,0,4,0,9,0,4,0,2
Pivot4J,com.eyeq.pivot4j.query,Quax.new TreeNodeCallback() {...},156,90,28,12,37,22,17,5,0,2
Pivot4J,com.eyeq.pivot4j.query,Quax.new TreeNodeCallback() {...},19,35,3,3,4,8,2,3,0,2
Pivot4J,com.eyeq.pivot4j.query,QuaxChangeEvent,0,14,0,0,0,5,0,3,0,3
Pivot4J,com.eyeq.pivot4j.query,ExpGenerator,47,319,9,39,12,75,8,22,0,6
Pivot4J,com.eyeq.pivot4j.query,QueryChangeEvent,4,4,0,0,1,2,1,1,1,1
Pivot4J,com.eyeq.pivot4j.query,Quax.new TreeNodeCallback() {...},0,69,0,6,0,17,0,5,0,2
Pivot4J,com.eyeq.pivot4j.query,Quax.new TreeNodeCallback() {...},6,38,3,5,3,10,3,3,0,2
Pivot4J,com.eyeq.pivot4j.util,TreeNode,66,145,11,19,16,47,10,18,3,10
Pivot4J,com.eyeq.pivot4j.util,StringUtil,132,0,16,0,28,0,14,0,6,0
