<?xml version="1.0" encoding="UTF-8" standalone="yes"?><!DOCTYPE report PUBLIC "-//JACOCO//DTD Report 1.0//EN" "report.dtd"><report name="Pivot4J Core"><sessioninfo id="fender-e37ba551" start="1380972589583" dump="1380972591154"/><sessioninfo id="fender-454cb38b" start="1380972599427" dump="1380972630669"/><sessioninfo id="fender-edd95c20" start="1381028070498" dump="1381028072921"/><sessioninfo id="fender-11fd52bb" start="1381037811100" dump="1381037815634"/><sessioninfo id="fender-ae3448ca" start="1381041164883" dump="1381041167501"/><sessioninfo id="fender-4a9df5ae" start="1381053859251" dump="1381053859455"/><sessioninfo id="fender-4f82d25d" start="1381054489792" dump="1381054489920"/><sessioninfo id="fender-2aafaa97" start="1381057413475" dump="1381057413605"/><sessioninfo id="fender-e816d12f" start="1381059950746" dump="1381059950883"/><sessioninfo id="fender-7737b547" start="1381062732025" dump="1381062732155"/></report>