<?xml version="1.0" encoding="UTF-8" standalone="yes"?><!DOCTYPE report PUBLIC "-//JACOCO//DTD Report 1.0//EN" "report.dtd"><report name="Pivot4J Analytics"><sessioninfo id="fender-9840a37" start="1380972636182" dump="1380972636505"/><sessioninfo id="fender-c0911c84" start="1381028084692" dump="1381028085156"/><sessioninfo id="fender-d11802e4" start="1381037832930" dump="1381037833494"/><sessioninfo id="fender-b0d48af8" start="1381041178112" dump="1381041178641"/><sessioninfo id="fender-559d33c0" start="1381053874111" dump="1381053874312"/><sessioninfo id="fender-41889f63" start="1381057779747" dump="1381057779934"/><sessioninfo id="fender-10b59716" start="1381060401280" dump="1381060401470"/></report>